c:\users\thiba\desktop\directx\engine\debug\vc140.pdb
c:\users\thiba\desktop\directx\engine\debug\vc140.idb
c:\users\thiba\desktop\directx\engine\debug\ddstextureloader.obj
c:\users\thiba\desktop\directx\engine\debug\simplemath.obj
c:\users\thiba\desktop\directx\engine\debug\foliagecless.obj
c:\users\thiba\desktop\directx\engine\debug\foliageshaderclass.obj
c:\users\thiba\desktop\directx\engine\debug\fontclass.obj
c:\users\thiba\desktop\directx\engine\debug\fontshaderclass.obj
c:\users\thiba\desktop\directx\engine\debug\fpsclass.obj
c:\users\thiba\desktop\directx\engine\debug\inputclass.obj
c:\users\thiba\desktop\directx\engine\debug\main.obj
c:\users\thiba\desktop\directx\engine\debug\modelclass.obj
c:\users\thiba\desktop\directx\engine\debug\positionclass.obj
c:\users\thiba\desktop\directx\engine\debug\shadermanagerclas.obj
c:\users\thiba\desktop\directx\engine\debug\stdafx.obj
c:\users\thiba\desktop\directx\engine\debug\systemclass.obj
c:\users\thiba\desktop\directx\engine\debug\terrainclass.obj
c:\users\thiba\desktop\directx\engine\debug\textclass.obj
c:\users\thiba\desktop\directx\engine\debug\textureclass.obj
c:\users\thiba\desktop\directx\engine\debug\textureshaderclass.obj
c:\users\thiba\desktop\directx\engine\debug\timerclass.obj
c:\users\thiba\desktop\directx\engine\debug\userinterfaceclass.obj
c:\users\thiba\desktop\directx\engine\debug\applicationclass.obj
c:\users\thiba\desktop\directx\engine\debug\cameraclass.obj
c:\users\thiba\desktop\directx\engine\debug\colorshaderclass.obj
c:\users\thiba\desktop\directx\engine\debug\cpuclass.obj
c:\users\thiba\desktop\directx\engine\debug\d3dclass.obj
c:\users\thiba\desktop\directx\debug\engine.ilk
c:\users\thiba\desktop\directx\debug\engine.exe
c:\users\thiba\desktop\directx\debug\engine.pdb
c:\users\thiba\desktop\directx\engine\debug\inputclass.obj.enc
c:\users\thiba\desktop\directx\engine\debug\engine.tlog\cl.command.1.tlog
c:\users\thiba\desktop\directx\engine\debug\engine.tlog\cl.read.1.tlog
c:\users\thiba\desktop\directx\engine\debug\engine.tlog\cl.write.1.tlog
c:\users\thiba\desktop\directx\engine\debug\engine.tlog\link.command.1.tlog
c:\users\thiba\desktop\directx\engine\debug\engine.tlog\link.read.1.tlog
c:\users\thiba\desktop\directx\engine\debug\engine.tlog\link.write.1.tlog
